<?xml version="1.0" encoding="UTF-8"?>
<testsuite xmlns:xsi="http://www.w3.org/2001/XMLSchema-instance" xsi:noNamespaceSchemaLocation="https://maven.apache.org/surefire/maven-surefire-plugin/xsd/surefire-test-report-3.0.xsd" version="3.0" name="com.example.jsoupexample.AppTest" time="0.065" tests="1" errors="0" skipped="0" failures="0">
  <properties>
    <property name="java.specification.version" value="17"/>
    <property name="sun.jnu.encoding" value="UTF-8"/>
    <property name="java.class.path" value="/usr/local/etc/maven-wrapper/instances.d/jsoup-example/target/test-classes:/usr/local/etc/maven-wrapper/instances.d/jsoup-example/target/classes:/root/.m2/repository/org/jsoup/jsoup/1.14.3/jsoup-1.14.3.jar:/root/.m2/repository/junit/junit/4.11/junit-4.11.jar:/root/.m2/repository/org/hamcrest/hamcrest-core/1.3/hamcrest-core-1.3.jar:"/>
    <property name="java.vm.vendor" value="OpenJDK BSD Porting Team"/>
    <property name="sun.arch.data.model" value="64"/>
    <property name="java.vendor.url" value="https://github.com/battleblow/jdk17u/"/>
    <property name="os.name" value="FreeBSD"/>
    <property name="java.vm.specification.version" value="17"/>
    <property name="sun.java.launcher" value="SUN_STANDARD"/>
    <property name="sun.boot.library.path" value="/usr/local/openjdk17/lib"/>
    <property name="sun.java.command" value="/usr/local/etc/maven-wrapper/instances.d/jsoup-example/target/surefire/surefirebooter-20231230170504941_3.jar /usr/local/etc/maven-wrapper/instances.d/jsoup-example/target/surefire 2023-12-30T17-05-04_778-jvmRun1 surefire-20231230170504941_1tmp surefire_0-20231230170504941_2tmp"/>
    <property name="jdk.debug" value="release"/>
    <property name="surefire.test.class.path" value="/usr/local/etc/maven-wrapper/instances.d/jsoup-example/target/test-classes:/usr/local/etc/maven-wrapper/instances.d/jsoup-example/target/classes:/root/.m2/repository/org/jsoup/jsoup/1.14.3/jsoup-1.14.3.jar:/root/.m2/repository/junit/junit/4.11/junit-4.11.jar:/root/.m2/repository/org/hamcrest/hamcrest-core/1.3/hamcrest-core-1.3.jar:"/>
    <property name="sun.cpu.endian" value="little"/>
    <property name="user.home" value="/root"/>
    <property name="user.language" value="en"/>
    <property name="java.specification.vendor" value="Oracle Corporation"/>
    <property name="java.version.date" value="2023-10-17"/>
    <property name="java.home" value="/usr/local/openjdk17"/>
    <property name="file.separator" value="/"/>
    <property name="basedir" value="/usr/local/etc/maven-wrapper/instances.d/jsoup-example"/>
    <property name="java.vm.compressedOopsMode" value="Non-zero based"/>
    <property name="line.separator" value="&#10;"/>
    <property name="java.vm.specification.vendor" value="Oracle Corporation"/>
    <property name="java.specification.name" value="Java Platform API Specification"/>
    <property name="surefire.real.class.path" value="/usr/local/etc/maven-wrapper/instances.d/jsoup-example/target/surefire/surefirebooter-20231230170504941_3.jar"/>
    <property name="sun.management.compiler" value="HotSpot 64-Bit Tiered Compilers"/>
    <property name="java.runtime.version" value="17.0.9+9-1"/>
    <property name="user.name" value="root"/>
    <property name="java.net.preferIPv4Stack" value="true"/>
    <property name="path.separator" value=":"/>
    <property name="os.version" value="13.2-RELEASE"/>
    <property name="java.runtime.name" value="OpenJDK Runtime Environment"/>
    <property name="file.encoding" value="UTF-8"/>
    <property name="java.vm.name" value="OpenJDK 64-Bit Server VM"/>
    <property name="localRepository" value="/root/.m2/repository"/>
    <property name="java.vendor.url.bug" value="https://bugs.freebsd.org/bugzilla/enter_bug.cgi?product=Ports%20%26%20Packages&amp;component=Individual%20Port(s)&amp;short_desc=java/openjdk17%3A%20"/>
    <property name="java.io.tmpdir" value="/tmp/"/>
    <property name="java.version" value="17.0.9"/>
    <property name="user.dir" value="/usr/local/etc/maven-wrapper/instances.d/jsoup-example"/>
    <property name="os.arch" value="amd64"/>
    <property name="java.vm.specification.name" value="Java Virtual Machine Specification"/>
    <property name="native.encoding" value="UTF-8"/>
    <property name="java.library.path" value="/usr/java/packages/lib/amd64:/usr/lib:/usr/local/lib"/>
    <property name="java.vm.info" value="mixed mode, sharing"/>
    <property name="java.vendor" value="OpenJDK BSD Porting Team"/>
    <property name="java.vm.version" value="17.0.9+9-1"/>
    <property name="sun.io.unicode.encoding" value="UnicodeLittle"/>
    <property name="java.class.version" value="61.0"/>
  </properties>
  <testcase name="shouldAnswerWithTrue" classname="com.example.jsoupexample.AppTest" time="0.003"/>
</testsuite>